d:\users\1810078\desktop\jeuechecrpg\jeuechec\jeuechec\debug\vc141.pdb
d:\users\1810078\desktop\jeuechecrpg\jeuechec\jeuechec\debug\vc141.idb
d:\users\1810078\desktop\jeuechecrpg\jeuechec\jeuechec\debug\board.obj
d:\users\1810078\desktop\jeuechecrpg\jeuechec\jeuechec\debug\case.obj
d:\users\1810078\desktop\jeuechecrpg\jeuechec\jeuechec\debug\chevalier.obj
d:\users\1810078\desktop\jeuechecrpg\jeuechec\jeuechec\debug\fou.obj
d:\users\1810078\desktop\jeuechecrpg\jeuechec\jeuechec\debug\game.obj
d:\users\1810078\desktop\jeuechecrpg\jeuechec\jeuechec\debug\main.obj
d:\users\1810078\desktop\jeuechecrpg\jeuechec\jeuechec\debug\piece.obj
d:\users\1810078\desktop\jeuechecrpg\jeuechec\jeuechec\debug\pion.obj
d:\users\1810078\desktop\jeuechecrpg\jeuechec\jeuechec\debug\reine.obj
d:\users\1810078\desktop\jeuechecrpg\jeuechec\jeuechec\debug\roi.obj
d:\users\1810078\desktop\jeuechecrpg\jeuechec\jeuechec\debug\tour.obj
d:\users\1810078\desktop\jeuechecrpg\jeuechec\jeuechec\debug\piecefactory.obj
d:\users\1810078\desktop\jeuechecrpg\jeuechec\debug\jeuechec.pdb
d:\users\1810078\desktop\jeuechecrpg\jeuechec\jeuechec\debug\jeuechec.tlog\cl.command.1.tlog
d:\users\1810078\desktop\jeuechecrpg\jeuechec\jeuechec\debug\jeuechec.tlog\cl.read.1.tlog
d:\users\1810078\desktop\jeuechecrpg\jeuechec\jeuechec\debug\jeuechec.tlog\cl.write.1.tlog
d:\users\1810078\desktop\jeuechecrpg\jeuechec\jeuechec\debug\jeuechec.tlog\link-cvtres.read.1.tlog
d:\users\1810078\desktop\jeuechecrpg\jeuechec\jeuechec\debug\jeuechec.tlog\link-cvtres.write.1.tlog
d:\users\1810078\desktop\jeuechecrpg\jeuechec\jeuechec\debug\jeuechec.tlog\link-rc.read.1.tlog
d:\users\1810078\desktop\jeuechecrpg\jeuechec\jeuechec\debug\jeuechec.tlog\link-rc.write.1.tlog
d:\users\1810078\desktop\jeuechecrpg\jeuechec\jeuechec\debug\jeuechec.tlog\link.command.1.tlog
d:\users\1810078\desktop\jeuechecrpg\jeuechec\jeuechec\debug\jeuechec.tlog\link.read.1.tlog
d:\users\1810078\desktop\jeuechecrpg\jeuechec\jeuechec\debug\jeuechec.tlog\link.write.1.tlog
